<?xml version="1.0" encoding="UTF-8"?>
<!-- Generated by org.testng.reporters.JUnitReportReporter -->
<testsuite skipped="1" hostname="mataraex-System-Product-Name" name="com.matraex.Deeptruth.Android.DeepTruthAndroid.SplashActivity.SplashactivityPage" tests="4" failures="0" timestamp="18 Jun 2019 07:21:05 GMT" time="52.818" errors="1">
  <testcase name="splashActivityScreeen" time="52.772" classname="com.matraex.Deeptruth.Android.DeepTruthAndroid.SplashActivity.SplashactivityPage"/>
  <testcase name="close" time="0.043" classname="com.matraex.Deeptruth.Android.DeepTruthAndroid.SplashActivity.SplashactivityPage">
    <error type="org.openqa.selenium.UnsupportedCommandException" message="Method has not yet been implemented
Build info: version: &#039;3.141.59&#039;, revision: &#039;e82be7d358&#039;, time: &#039;2018-11-14T08:17:03&#039;
System info: host: &#039;mataraex-System-Product-Name&#039;, ip: &#039;127.0.1.1&#039;, os.name: &#039;Linux&#039;, os.arch: &#039;amd64&#039;, os.version: &#039;4.15.0-51-generic&#039;, java.version: &#039;1.8.0_212&#039;
Driver info: io.appium.java_client.android.AndroidDriver
Capabilities {appActivity: com.deeptruth.app.android.a..., appPackage: com.deeptruth.app.composer...., databaseEnabled: false, desired: {appActivity: com.deeptruth.app.android.a..., appPackage: com.deeptruth.app.composer...., deviceName: device, deviceid: Z55DRCKRZHDMA6BU, platformName: android, platformVersion: 6.0}, deviceManufacturer: Swipe, deviceModel: Konnect_Star, deviceName: Z55DRCKRZHDMA6BU, deviceScreenSize: 480x800, deviceUDID: Z55DRCKRZHDMA6BU, deviceid: Z55DRCKRZHDMA6BU, javascriptEnabled: true, locationContextEnabled: false, networkConnectionEnabled: true, platform: LINUX, platformName: Android, platformVersion: 6.0, takesScreenshot: true, warnings: {}, webStorageEnabled: false}
Session ID: 05974d84-598b-4c0f-a364-c7892f3bb3aa">
      <![CDATA[org.openqa.selenium.UnsupportedCommandException: Method has not yet been implemented
Build info: version: '3.141.59', revision: 'e82be7d358', time: '2018-11-14T08:17:03'
System info: host: 'mataraex-System-Product-Name', ip: '127.0.1.1', os.name: 'Linux', os.arch: 'amd64', os.version: '4.15.0-51-generic', java.version: '1.8.0_212'
Driver info: io.appium.java_client.android.AndroidDriver
Capabilities {appActivity: com.deeptruth.app.android.a..., appPackage: com.deeptruth.app.composer...., databaseEnabled: false, desired: {appActivity: com.deeptruth.app.android.a..., appPackage: com.deeptruth.app.composer...., deviceName: device, deviceid: Z55DRCKRZHDMA6BU, platformName: android, platformVersion: 6.0}, deviceManufacturer: Swipe, deviceModel: Konnect_Star, deviceName: Z55DRCKRZHDMA6BU, deviceScreenSize: 480x800, deviceUDID: Z55DRCKRZHDMA6BU, deviceid: Z55DRCKRZHDMA6BU, javascriptEnabled: true, locationContextEnabled: false, networkConnectionEnabled: true, platform: LINUX, platformName: Android, platformVersion: 6.0, takesScreenshot: true, warnings: {}, webStorageEnabled: false}
Session ID: 05974d84-598b-4c0f-a364-c7892f3bb3aa
at sun.reflect.NativeConstructorAccessorImpl.newInstance0(Native Method)
at sun.reflect.NativeConstructorAccessorImpl.newInstance(NativeConstructorAccessorImpl.java:62)
at sun.reflect.DelegatingConstructorAccessorImpl.newInstance(DelegatingConstructorAccessorImpl.java:45)
at java.lang.reflect.Constructor.newInstance(Constructor.java:423)
at org.openqa.selenium.remote.http.W3CHttpResponseCodec.createException(W3CHttpResponseCodec.java:187)
at org.openqa.selenium.remote.http.W3CHttpResponseCodec.decode(W3CHttpResponseCodec.java:122)
at org.openqa.selenium.remote.http.W3CHttpResponseCodec.decode(W3CHttpResponseCodec.java:49)
at org.openqa.selenium.remote.HttpCommandExecutor.execute(HttpCommandExecutor.java:158)
at io.appium.java_client.remote.AppiumCommandExecutor.execute(AppiumCommandExecutor.java:239)
at org.openqa.selenium.remote.RemoteWebDriver.execute(RemoteWebDriver.java:552)
at io.appium.java_client.DefaultGenericMobileDriver.execute(DefaultGenericMobileDriver.java:46)
at io.appium.java_client.AppiumDriver.execute(AppiumDriver.java:1)
at io.appium.java_client.android.AndroidDriver.execute(AndroidDriver.java:1)
at org.openqa.selenium.remote.RemoteWebDriver.close(RemoteWebDriver.java:442)
at com.matraex.Deeptruth.Android.DeepTruthAndroid.TestBase.Base.close(Base.java:47)
at sun.reflect.NativeMethodAccessorImpl.invoke0(Native Method)
at sun.reflect.NativeMethodAccessorImpl.invoke(NativeMethodAccessorImpl.java:62)
at sun.reflect.DelegatingMethodAccessorImpl.invoke(DelegatingMethodAccessorImpl.java:43)
at java.lang.reflect.Method.invoke(Method.java:498)
at org.testng.internal.MethodInvocationHelper.invokeMethod(MethodInvocationHelper.java:124)
at org.testng.internal.MethodInvocationHelper.invokeMethodConsideringTimeout(MethodInvocationHelper.java:59)
at org.testng.internal.Invoker.invokeConfigurationMethod(Invoker.java:458)
at org.testng.internal.Invoker.invokeConfigurations(Invoker.java:222)
at org.testng.internal.Invoker.invokeConfigurations(Invoker.java:142)
at org.testng.TestRunner.afterRun(TestRunner.java:725)
at org.testng.TestRunner.run(TestRunner.java:509)
at org.testng.SuiteRunner.runTest(SuiteRunner.java:455)
at org.testng.SuiteRunner.runSequentially(SuiteRunner.java:450)
at org.testng.SuiteRunner.privateRun(SuiteRunner.java:415)
at org.testng.SuiteRunner.run(SuiteRunner.java:364)
at org.testng.SuiteRunnerWorker.runSuite(SuiteRunnerWorker.java:52)
at org.testng.SuiteRunnerWorker.run(SuiteRunnerWorker.java:84)
at org.testng.TestNG.runSuitesSequentially(TestNG.java:1208)
at org.testng.TestNG.runSuitesLocally(TestNG.java:1137)
at org.testng.TestNG.runSuites(TestNG.java:1049)
at org.testng.TestNG.run(TestNG.java:1017)
at org.testng.remote.AbstractRemoteTestNG.run(AbstractRemoteTestNG.java:115)
at org.testng.remote.RemoteTestNG.initAndRun(RemoteTestNG.java:251)
at org.testng.remote.RemoteTestNG.main(RemoteTestNG.java:77)
]]>
    </error>
  </testcase> <!-- close -->
  <testcase name="splashActivity" time="0.003" classname="com.matraex.Deeptruth.Android.DeepTruthAndroid.SplashActivity.SplashactivityPage"/>
  <testcase name="test" classname="com.matraex.Deeptruth.Android.DeepTruthAndroid.SplashActivity.SplashactivityPage">
    <skipped/>
  </testcase> <!-- test -->
</testsuite> <!-- com.matraex.Deeptruth.Android.DeepTruthAndroid.SplashActivity.SplashactivityPage -->
