<?xml version="1.0" encoding="UTF-8"?>
<!-- Generated by org.testng.reporters.JUnitReportReporter -->
<testsuite skipped="0" hostname="mataraex-System-Product-Name" name="com.matraex.Deeptruth.Android.DeepTruthAndroid.SettingScreen.Setting" tests="3" failures="0" timestamp="24 Jun 2019 10:23:04 GMT" time="68.446" errors="0">
  <testcase name="splashActivityScreeen" time="35.047" classname="com.matraex.Deeptruth.Android.DeepTruthAndroid.SettingScreen.Setting"/>
  <testcase name="settings" time="8.080" classname="com.matraex.Deeptruth.Android.DeepTruthAndroid.SettingScreen.Setting"/>
  <testcase name="medialistAllMedia" time="25.319" classname="com.matraex.Deeptruth.Android.DeepTruthAndroid.SettingScreen.Setting"/>
</testsuite> <!-- com.matraex.Deeptruth.Android.DeepTruthAndroid.SettingScreen.Setting -->
