<?xml version="1.0" encoding="UTF-8"?>
<!-- Generated by org.testng.reporters.JUnitReportReporter -->
<testsuite skipped="0" hostname="mataraex-System-Product-Name" name="com.matraex.Deeptruth.Android.DeepTruthAndroid.VideoRecordingScreen.VideoRecording" tests="2" failures="0" timestamp="20 Jun 2019 12:22:51 GMT" time="293.147" errors="0">
  <testcase name="splashActivityScreeen" time="33.655" classname="com.matraex.Deeptruth.Android.DeepTruthAndroid.VideoRecordingScreen.VideoRecording"/>
  <testcase name="videoRecord" time="259.492" classname="com.matraex.Deeptruth.Android.DeepTruthAndroid.VideoRecordingScreen.VideoRecording"/>
</testsuite> <!-- com.matraex.Deeptruth.Android.DeepTruthAndroid.VideoRecordingScreen.VideoRecording -->
