<?xml version="1.0" encoding="UTF-8"?>
<!-- Generated by org.testng.reporters.JUnitReportReporter -->
<testsuite skipped="1" hostname="mataraex-System-Product-Name" name="com.matraex.Deeeptruth.Android.DeepTruthAndroid.SplashactivityPage" tests="3" failures="0" timestamp="17 Jun 2019 12:49:13 GMT" time="38.806" errors="0">
  <testcase name="splashActivity" time="38.804" classname="com.matraex.Deeeptruth.Android.DeepTruthAndroid.SplashactivityPage"/>
  <testcase name="afterTest" time="0.002" classname="com.matraex.Deeeptruth.Android.DeepTruthAndroid.SplashactivityPage"/>
  <testcase name="test" classname="com.matraex.Deeeptruth.Android.DeepTruthAndroid.SplashactivityPage">
    <skipped/>
  </testcase> <!-- test -->
</testsuite> <!-- com.matraex.Deeeptruth.Android.DeepTruthAndroid.SplashactivityPage -->
