<?xml version="1.0" encoding="UTF-8"?>
<!-- Generated by org.testng.reporters.JUnitReportReporter -->
<testsuite skipped="0" hostname="mataraex-System-Product-Name" name="com.matraex.Deeptruth.Android.DeepTruthAndroid.VideoRecordingScreen.VideoRecording" tests="2" failures="0" timestamp="19 Jun 2019 14:17:17 GMT" time="59.477" errors="0">
  <testcase name="videoRecord" time="25.993" classname="com.matraex.Deeptruth.Android.DeepTruthAndroid.VideoRecordingScreen.VideoRecording"/>
  <testcase name="splashActivityScreeen" time="33.484" classname="com.matraex.Deeptruth.Android.DeepTruthAndroid.VideoRecordingScreen.VideoRecording"/>
</testsuite> <!-- com.matraex.Deeptruth.Android.DeepTruthAndroid.VideoRecordingScreen.VideoRecording -->
