<?xml version="1.0" encoding="UTF-8"?>
<!-- Generated by org.testng.reporters.JUnitReportReporter -->
<testsuite skipped="1" hostname="mataraex-System-Product-Name" name="com.matraex.Deeptruth.Android.DeepTruthAndroid.VideoRecordingScreen.VideoRecording" tests="2" failures="0" timestamp="24 Jun 2019 12:19:05 GMT" time="38.552" errors="0">
  <testcase name="splashActivityScreeen" time="38.552" classname="com.matraex.Deeptruth.Android.DeepTruthAndroid.VideoRecordingScreen.VideoRecording"/>
  <testcase name="videoRecord" classname="com.matraex.Deeptruth.Android.DeepTruthAndroid.VideoRecordingScreen.VideoRecording">
    <skipped/>
  </testcase> <!-- videoRecord -->
</testsuite> <!-- com.matraex.Deeptruth.Android.DeepTruthAndroid.VideoRecordingScreen.VideoRecording -->
