<?xml version="1.0" encoding="UTF-8"?>
<!-- Generated by org.testng.reporters.JUnitReportReporter -->
<testsuite skipped="0" hostname="mataraex-System-Product-Name" name="com.matraex.Deeptruth.Android.DeepTruthAndroid.IntroScreen.IntroScreen" tests="1" failures="0" timestamp="25 Jun 2019 12:17:31 GMT" time="39.917" errors="0">
  <testcase name="splashActivityScreeen" time="39.917" classname="com.matraex.Deeptruth.Android.DeepTruthAndroid.IntroScreen.IntroScreen"/>
</testsuite> <!-- com.matraex.Deeptruth.Android.DeepTruthAndroid.IntroScreen.IntroScreen -->
