<?xml version="1.0" encoding="UTF-8"?>
<!-- Generated by org.testng.reporters.JUnitReportReporter -->
<testsuite skipped="0" hostname="mataraex-System-Product-Name" name="com.matraex.Deeptruth.Android.DeepTruthAndroid.VideoRecordingScreen.MediaList" tests="3" failures="0" timestamp="20 Jun 2019 13:57:39 GMT" time="67.626" errors="0">
  <testcase name="splashActivityScreeen" time="33.567" classname="com.matraex.Deeptruth.Android.DeepTruthAndroid.VideoRecordingScreen.MediaList"/>
  <testcase name="videoRecord" time="17.757" classname="com.matraex.Deeptruth.Android.DeepTruthAndroid.VideoRecordingScreen.MediaList"/>
  <testcase name="medialistAllMedia" time="16.302" classname="com.matraex.Deeptruth.Android.DeepTruthAndroid.VideoRecordingScreen.MediaList"/>
</testsuite> <!-- com.matraex.Deeptruth.Android.DeepTruthAndroid.VideoRecordingScreen.MediaList -->
