<?xml version="1.0" encoding="UTF-8"?>
<!-- Generated by org.testng.reporters.JUnitReportReporter -->
<testsuite skipped="0" hostname="mataraex-System-Product-Name" name="com.matraex.Deeptruth.Android.DeepTruthAndroid.VideoRecordingScreen.MediaList" tests="2" failures="0" timestamp="24 Jun 2019 10:46:23 GMT" time="74.451" errors="0">
  <testcase name="medialistAllMedia" time="37.667" classname="com.matraex.Deeptruth.Android.DeepTruthAndroid.VideoRecordingScreen.MediaList"/>
  <testcase name="splashActivityScreeen" time="36.784" classname="com.matraex.Deeptruth.Android.DeepTruthAndroid.VideoRecordingScreen.MediaList"/>
</testsuite> <!-- com.matraex.Deeptruth.Android.DeepTruthAndroid.VideoRecordingScreen.MediaList -->
